1528957214971	geckodriver	INFO	geckodriver 0.20.0
1528957214982	geckodriver	INFO	Listening on 127.0.0.1:49720
1528957215980	mozrunner::runner	INFO	Running command: "/Applications/Firefox.app/Contents/MacOS/firefox-bin" "-marionette" "-headless" "-profile" "/var/folders/vn/m8610gxn6sv35q19c41bwtlw0000gp/T/rust_mozprofile.Q9sUHz0WlZFG"
*** You are running in headless mode.
2018-06-14 11:50:17.391 plugin-container[2540:68985] *** CFMessagePort: bootstrap_register(): failed 1100 (0x44c) 'Permission denied', port = 0x8a07, name = 'com.apple.tsm.portname'
See /usr/include/servers/bootstrap_defs.h for the error codes.
2018-06-14 11:50:17.654 plugin-container[2541:69006] *** CFMessagePort: bootstrap_register(): failed 1100 (0x44c) 'Permission denied', port = 0x823f, name = 'com.apple.tsm.portname'
See /usr/include/servers/bootstrap_defs.h for the error codes.
1528957218310	Marionette	INFO	Listening on port 49731
1528957218419	Marionette	WARN	TLS certificate errors will be ignored for this session
2018-06-14 11:50:18.731 plugin-container[2542:69155] *** CFMessagePort: bootstrap_register(): failed 1100 (0x44c) 'Permission denied', port = 0x793f, name = 'com.apple.tsm.portname'
See /usr/include/servers/bootstrap_defs.h for the error codes.
JavaScript warning: https://ajax.googleapis.com/ajax/libs/jquery/1.9.1/jquery.min.js, line 1: Using //@ to indicate sourceMappingURL pragmas is deprecated. Use //# instead
*** UTM:SVC TimerManager:registerTimer called after profile-before-change notification. Ignoring timer registration for id: telemetry_modules_ping
1528957237267	geckodriver::marionette	ERROR	Failed to stop browser process
1528957330230	geckodriver	INFO	geckodriver 0.20.0
1528957330235	geckodriver	INFO	Listening on 127.0.0.1:49824
1528957331248	mozrunner::runner	INFO	Running command: "/Applications/Firefox.app/Contents/MacOS/firefox-bin" "-marionette" "-headless" "-profile" "/var/folders/vn/m8610gxn6sv35q19c41bwtlw0000gp/T/rust_mozprofile.HRR6fGGekWM1"
*** You are running in headless mode.
2018-06-14 11:52:12.604 plugin-container[2560:70434] *** CFMessagePort: bootstrap_register(): failed 1100 (0x44c) 'Permission denied', port = 0x7a03, name = 'com.apple.tsm.portname'
See /usr/include/servers/bootstrap_defs.h for the error codes.
2018-06-14 11:52:12.872 plugin-container[2561:70457] *** CFMessagePort: bootstrap_register(): failed 1100 (0x44c) 'Permission denied', port = 0x803f, name = 'com.apple.tsm.portname'
See /usr/include/servers/bootstrap_defs.h for the error codes.
1528957333163	Marionette	INFO	Listening on port 49831
1528957333236	Marionette	WARN	TLS certificate errors will be ignored for this session
2018-06-14 11:52:13.572 plugin-container[2562:70551] *** CFMessagePort: bootstrap_register(): failed 1100 (0x44c) 'Permission denied', port = 0x713f, name = 'com.apple.tsm.portname'
See /usr/include/servers/bootstrap_defs.h for the error codes.
JavaScript warning: https://ajax.googleapis.com/ajax/libs/jquery/1.9.1/jquery.min.js, line 1: Using //@ to indicate sourceMappingURL pragmas is deprecated. Use //# instead
*** UTM:SVC TimerManager:registerTimer called after profile-before-change notification. Ignoring timer registration for id: telemetry_modules_ping
1528957352117	geckodriver::marionette	ERROR	Failed to stop browser process
1528957441946	geckodriver	INFO	geckodriver 0.20.0
1528957441951	geckodriver	INFO	Listening on 127.0.0.1:49916
1528957442965	mozrunner::runner	INFO	Running command: "/Applications/Firefox.app/Contents/MacOS/firefox-bin" "-marionette" "-headless" "-profile" "/var/folders/vn/m8610gxn6sv35q19c41bwtlw0000gp/T/rust_mozprofile.hz2MkM4ojslE"
*** You are running in headless mode.
2018-06-14 11:54:04.321 plugin-container[2595:72163] *** CFMessagePort: bootstrap_register(): failed 1100 (0x44c) 'Permission denied', port = 0x733f, name = 'com.apple.tsm.portname'
See /usr/include/servers/bootstrap_defs.h for the error codes.
2018-06-14 11:54:04.535 plugin-container[2596:72184] *** CFMessagePort: bootstrap_register(): failed 1100 (0x44c) 'Permission denied', port = 0x8a03, name = 'com.apple.tsm.portname'
See /usr/include/servers/bootstrap_defs.h for the error codes.
1528957444826	Marionette	INFO	Listening on port 49923
1528957444935	Marionette	WARN	TLS certificate errors will be ignored for this session
2018-06-14 11:54:05.214 plugin-container[2597:72281] *** CFMessagePort: bootstrap_register(): failed 1100 (0x44c) 'Permission denied', port = 0x753f, name = 'com.apple.tsm.portname'
See /usr/include/servers/bootstrap_defs.h for the error codes.
JavaScript warning: https://ajax.googleapis.com/ajax/libs/jquery/1.9.1/jquery.min.js, line 1: Using //@ to indicate sourceMappingURL pragmas is deprecated. Use //# instead
*** UTM:SVC TimerManager:registerTimer called after profile-before-change notification. Ignoring timer registration for id: telemetry_modules_ping
1528957464056	geckodriver::marionette	ERROR	Failed to stop browser process
1528957570879	geckodriver	INFO	geckodriver 0.20.0
1528957570886	geckodriver	INFO	Listening on 127.0.0.1:50011
1528957571899	mozrunner::runner	INFO	Running command: "/Applications/Firefox.app/Contents/MacOS/firefox-bin" "-marionette" "-headless" "-profile" "/var/folders/vn/m8610gxn6sv35q19c41bwtlw0000gp/T/rust_mozprofile.T0BoZ3fd5rg7"
*** You are running in headless mode.
2018-06-14 11:56:13.210 plugin-container[2640:73882] *** CFMessagePort: bootstrap_register(): failed 1100 (0x44c) 'Permission denied', port = 0x7a43, name = 'com.apple.tsm.portname'
See /usr/include/servers/bootstrap_defs.h for the error codes.
2018-06-14 11:56:13.502 plugin-container[2641:73906] *** CFMessagePort: bootstrap_register(): failed 1100 (0x44c) 'Permission denied', port = 0x883f, name = 'com.apple.tsm.portname'
See /usr/include/servers/bootstrap_defs.h for the error codes.
1528957573665	Marionette	INFO	Listening on port 50018
1528957573772	Marionette	WARN	TLS certificate errors will be ignored for this session
2018-06-14 11:56:14.185 plugin-container[2642:74013] *** CFMessagePort: bootstrap_register(): failed 1100 (0x44c) 'Permission denied', port = 0x773f, name = 'com.apple.tsm.portname'
See /usr/include/servers/bootstrap_defs.h for the error codes.
JavaScript warning: https://ajax.googleapis.com/ajax/libs/jquery/1.9.1/jquery.min.js, line 1: Using //@ to indicate sourceMappingURL pragmas is deprecated. Use //# instead
*** UTM:SVC TimerManager:registerTimer called after profile-before-change notification. Ignoring timer registration for id: telemetry_modules_ping
1528957592998	geckodriver::marionette	ERROR	Failed to stop browser process
1528958049062	geckodriver	INFO	geckodriver 0.20.0
1528958049075	geckodriver	INFO	Listening on 127.0.0.1:50132
1528958050074	mozrunner::runner	INFO	Running command: "/Applications/Firefox.app/Contents/MacOS/firefox-bin" "-marionette" "-headless" "-profile" "/var/folders/vn/m8610gxn6sv35q19c41bwtlw0000gp/T/rust_mozprofile.V8oprSe7gP7d"
*** You are running in headless mode.
2018-06-14 12:04:11.516 plugin-container[2729:82715] *** CFMessagePort: bootstrap_register(): failed 1100 (0x44c) 'Permission denied', port = 0x853f, name = 'com.apple.tsm.portname'
See /usr/include/servers/bootstrap_defs.h for the error codes.
2018-06-14 12:04:11.722 plugin-container[2730:82736] *** CFMessagePort: bootstrap_register(): failed 1100 (0x44c) 'Permission denied', port = 0x8303, name = 'com.apple.tsm.portname'
See /usr/include/servers/bootstrap_defs.h for the error codes.
1528958052049	Marionette	INFO	Listening on port 50139
1528958052186	Marionette	WARN	TLS certificate errors will be ignored for this session
2018-06-14 12:04:12.438 plugin-container[2731:82835] *** CFMessagePort: bootstrap_register(): failed 1100 (0x44c) 'Permission denied', port = 0x8a03, name = 'com.apple.tsm.portname'
See /usr/include/servers/bootstrap_defs.h for the error codes.
JavaScript warning: https://ajax.googleapis.com/ajax/libs/jquery/1.9.1/jquery.min.js, line 1: Using //@ to indicate sourceMappingURL pragmas is deprecated. Use //# instead
*** UTM:SVC TimerManager:registerTimer called after profile-before-change notification. Ignoring timer registration for id: telemetry_modules_ping
1528958070497	geckodriver::marionette	ERROR	Failed to stop browser process
1528958259067	geckodriver	INFO	geckodriver 0.20.0
1528958259073	geckodriver	INFO	Listening on 127.0.0.1:50229
1528958260088	mozrunner::runner	INFO	Running command: "/Applications/Firefox.app/Contents/MacOS/firefox-bin" "-marionette" "-headless" "-profile" "/var/folders/vn/m8610gxn6sv35q19c41bwtlw0000gp/T/rust_mozprofile.ChKRfvvPQTNI"
*** You are running in headless mode.
2018-06-14 12:07:41.371 plugin-container[2882:86263] *** CFMessagePort: bootstrap_register(): failed 1100 (0x44c) 'Permission denied', port = 0x8b43, name = 'com.apple.tsm.portname'
See /usr/include/servers/bootstrap_defs.h for the error codes.
2018-06-14 12:07:41.651 plugin-container[2883:86284] *** CFMessagePort: bootstrap_register(): failed 1100 (0x44c) 'Permission denied', port = 0x7403, name = 'com.apple.tsm.portname'
See /usr/include/servers/bootstrap_defs.h for the error codes.
1528958261977	Marionette	INFO	Listening on port 50236
1528958262063	Marionette	WARN	TLS certificate errors will be ignored for this session
2018-06-14 12:07:42.331 plugin-container[2884:86379] *** CFMessagePort: bootstrap_register(): failed 1100 (0x44c) 'Permission denied', port = 0x733f, name = 'com.apple.tsm.portname'
See /usr/include/servers/bootstrap_defs.h for the error codes.
JavaScript warning: https://ajax.googleapis.com/ajax/libs/jquery/1.9.1/jquery.min.js, line 1: Using //@ to indicate sourceMappingURL pragmas is deprecated. Use //# instead
*** UTM:SVC TimerManager:registerTimer called after profile-before-change notification. Ignoring timer registration for id: telemetry_modules_ping
1528958280611	geckodriver::marionette	ERROR	Failed to stop browser process
1528958363147	geckodriver	INFO	geckodriver 0.20.0
1528958363153	geckodriver	INFO	Listening on 127.0.0.1:50323
1528958364169	mozrunner::runner	INFO	Running command: "/Applications/Firefox.app/Contents/MacOS/firefox-bin" "-marionette" "-headless" "-profile" "/var/folders/vn/m8610gxn6sv35q19c41bwtlw0000gp/T/rust_mozprofile.jh1JG7v9feBL"
*** You are running in headless mode.
2018-06-14 12:09:25.417 plugin-container[2918:87678] *** CFMessagePort: bootstrap_register(): failed 1100 (0x44c) 'Permission denied', port = 0x7043, name = 'com.apple.tsm.portname'
See /usr/include/servers/bootstrap_defs.h for the error codes.
2018-06-14 12:09:25.735 plugin-container[2919:87699] *** CFMessagePort: bootstrap_register(): failed 1100 (0x44c) 'Permission denied', port = 0x7e03, name = 'com.apple.tsm.portname'
See /usr/include/servers/bootstrap_defs.h for the error codes.
1528958366031	Marionette	INFO	Listening on port 50330
1528958366059	Marionette	WARN	TLS certificate errors will be ignored for this session
2018-06-14 12:09:26.414 plugin-container[2920:87791] *** CFMessagePort: bootstrap_register(): failed 1100 (0x44c) 'Permission denied', port = 0x733f, name = 'com.apple.tsm.portname'
See /usr/include/servers/bootstrap_defs.h for the error codes.
JavaScript warning: https://ajax.googleapis.com/ajax/libs/jquery/1.9.1/jquery.min.js, line 1: Using //@ to indicate sourceMappingURL pragmas is deprecated. Use //# instead
*** UTM:SVC TimerManager:registerTimer called after profile-before-change notification. Ignoring timer registration for id: telemetry_modules_ping
1528958385773	geckodriver::marionette	ERROR	Failed to stop browser process
1528958601637	geckodriver	INFO	geckodriver 0.20.0
1528958601647	geckodriver	INFO	Listening on 127.0.0.1:50419
1528958602653	mozrunner::runner	INFO	Running command: "/Applications/Firefox.app/Contents/MacOS/firefox-bin" "-marionette" "-headless" "-profile" "/var/folders/vn/m8610gxn6sv35q19c41bwtlw0000gp/T/rust_mozprofile.PcNsJUel40ZD"
*** You are running in headless mode.
2018-06-14 12:13:24.049 plugin-container[2943:90261] *** CFMessagePort: bootstrap_register(): failed 1100 (0x44c) 'Permission denied', port = 0x733f, name = 'com.apple.tsm.portname'
See /usr/include/servers/bootstrap_defs.h for the error codes.
2018-06-14 12:13:24.331 plugin-container[2944:90286] *** CFMessagePort: bootstrap_register(): failed 1100 (0x44c) 'Permission denied', port = 0x8d3f, name = 'com.apple.tsm.portname'
See /usr/include/servers/bootstrap_defs.h for the error codes.
1528958604628	Marionette	INFO	Listening on port 50426
1528958604636	Marionette	WARN	TLS certificate errors will be ignored for this session
2018-06-14 12:13:25.040 plugin-container[2945:90392] *** CFMessagePort: bootstrap_register(): failed 1100 (0x44c) 'Permission denied', port = 0x7103, name = 'com.apple.tsm.portname'
See /usr/include/servers/bootstrap_defs.h for the error codes.
JavaScript warning: https://ajax.googleapis.com/ajax/libs/jquery/1.9.1/jquery.min.js, line 1: Using //@ to indicate sourceMappingURL pragmas is deprecated. Use //# instead
*** UTM:SVC TimerManager:registerTimer called after profile-before-change notification. Ignoring timer registration for id: telemetry_modules_ping
1528958624420	geckodriver::marionette	ERROR	Failed to stop browser process
1529334388201	geckodriver	INFO	geckodriver 0.20.0
1529334388213	geckodriver	INFO	Listening on 127.0.0.1:55053
1529334389218	mozrunner::runner	INFO	Running command: "/Applications/Firefox.app/Contents/MacOS/firefox-bin" "-marionette" "-headless" "-profile" "/var/folders/vn/m8610gxn6sv35q19c41bwtlw0000gp/T/rust_mozprofile.BOEHTzxy86BQ"
*** You are running in headless mode.
2018-06-18 20:36:30.654 plugin-container[3298:489585] *** CFMessagePort: bootstrap_register(): failed 1100 (0x44c) 'Permission denied', port = 0x763f, name = 'com.apple.tsm.portname'
See /usr/include/servers/bootstrap_defs.h for the error codes.
2018-06-18 20:36:30.864 plugin-container[3299:489606] *** CFMessagePort: bootstrap_register(): failed 1100 (0x44c) 'Permission denied', port = 0x8a03, name = 'com.apple.tsm.portname'
See /usr/include/servers/bootstrap_defs.h for the error codes.
1529334391211	Marionette	INFO	Listening on port 55060
1529334391315	Marionette	WARN	TLS certificate errors will be ignored for this session
2018-06-18 20:36:31.700 plugin-container[3300:489708] *** CFMessagePort: bootstrap_register(): failed 1100 (0x44c) 'Permission denied', port = 0x7403, name = 'com.apple.tsm.portname'
See /usr/include/servers/bootstrap_defs.h for the error codes.
JavaScript warning: https://ajax.googleapis.com/ajax/libs/jquery/1.9.1/jquery.min.js, line 1: Using //@ to indicate sourceMappingURL pragmas is deprecated. Use //# instead
*** UTM:SVC TimerManager:registerTimer called after profile-before-change notification. Ignoring timer registration for id: telemetry_modules_ping
1529334411679	geckodriver::marionette	ERROR	Failed to stop browser process
1529334714882	geckodriver	INFO	geckodriver 0.20.0
1529334714888	geckodriver	INFO	Listening on 127.0.0.1:55158
1529334715907	mozrunner::runner	INFO	Running command: "/Applications/Firefox.app/Contents/MacOS/firefox-bin" "-marionette" "-headless" "-profile" "/var/folders/vn/m8610gxn6sv35q19c41bwtlw0000gp/T/rust_mozprofile.OEN62ztkqlJv"
*** You are running in headless mode.
2018-06-18 20:41:57.342 plugin-container[3353:494610] *** CFMessagePort: bootstrap_register(): failed 1100 (0x44c) 'Permission denied', port = 0x7243, name = 'com.apple.tsm.portname'
See /usr/include/servers/bootstrap_defs.h for the error codes.
2018-06-18 20:41:57.539 plugin-container[3354:494632] *** CFMessagePort: bootstrap_register(): failed 1100 (0x44c) 'Permission denied', port = 0x7b3f, name = 'com.apple.tsm.portname'
See /usr/include/servers/bootstrap_defs.h for the error codes.
1529334717684	Marionette	INFO	Listening on port 55165
1529334717788	Marionette	WARN	TLS certificate errors will be ignored for this session
2018-06-18 20:41:58.213 plugin-container[3355:494738] *** CFMessagePort: bootstrap_register(): failed 1100 (0x44c) 'Permission denied', port = 0x6e3f, name = 'com.apple.tsm.portname'
See /usr/include/servers/bootstrap_defs.h for the error codes.
JavaScript warning: https://ajax.googleapis.com/ajax/libs/jquery/1.9.1/jquery.min.js, line 1: Using //@ to indicate sourceMappingURL pragmas is deprecated. Use //# instead
*** UTM:SVC TimerManager:registerTimer called after profile-before-change notification. Ignoring timer registration for id: telemetry_modules_ping
1529334736197	geckodriver::marionette	ERROR	Failed to stop browser process
1529334800641	geckodriver	INFO	geckodriver 0.20.0
1529334800647	geckodriver	INFO	Listening on 127.0.0.1:55249
1529334801662	mozrunner::runner	INFO	Running command: "/Applications/Firefox.app/Contents/MacOS/firefox-bin" "-marionette" "-headless" "-profile" "/var/folders/vn/m8610gxn6sv35q19c41bwtlw0000gp/T/rust_mozprofile.0bsucadzHjEA"
*** You are running in headless mode.
2018-06-18 20:43:23.009 plugin-container[3363:495752] *** CFMessagePort: bootstrap_register(): failed 1100 (0x44c) 'Permission denied', port = 0x8507, name = 'com.apple.tsm.portname'
See /usr/include/servers/bootstrap_defs.h for the error codes.
2018-06-18 20:43:23.200 plugin-container[3364:495774] *** CFMessagePort: bootstrap_register(): failed 1100 (0x44c) 'Permission denied', port = 0x753f, name = 'com.apple.tsm.portname'
See /usr/include/servers/bootstrap_defs.h for the error codes.
1529334803440	Marionette	INFO	Listening on port 55256
1529334803514	Marionette	WARN	TLS certificate errors will be ignored for this session
2018-06-18 20:43:23.844 plugin-container[3365:495884] *** CFMessagePort: bootstrap_register(): failed 1100 (0x44c) 'Permission denied', port = 0x7c3f, name = 'com.apple.tsm.portname'
See /usr/include/servers/bootstrap_defs.h for the error codes.
JavaScript warning: https://ajax.googleapis.com/ajax/libs/jquery/1.9.1/jquery.min.js, line 1: Using //@ to indicate sourceMappingURL pragmas is deprecated. Use //# instead
*** UTM:SVC TimerManager:registerTimer called after profile-before-change notification. Ignoring timer registration for id: telemetry_modules_ping
1529334821922	geckodriver::marionette	ERROR	Failed to stop browser process
1529334986031	geckodriver	INFO	geckodriver 0.20.0
1529334986036	geckodriver	INFO	Listening on 127.0.0.1:55340
1529334987050	mozrunner::runner	INFO	Running command: "/Applications/Firefox.app/Contents/MacOS/firefox-bin" "-marionette" "-headless" "-profile" "/var/folders/vn/m8610gxn6sv35q19c41bwtlw0000gp/T/rust_mozprofile.Y4gdNp0Jk7vn"
*** You are running in headless mode.
2018-06-18 20:46:28.465 plugin-container[3411:498190] *** CFMessagePort: bootstrap_register(): failed 1100 (0x44c) 'Permission denied', port = 0x7547, name = 'com.apple.tsm.portname'
See /usr/include/servers/bootstrap_defs.h for the error codes.
2018-06-18 20:46:28.702 plugin-container[3412:498220] *** CFMessagePort: bootstrap_register(): failed 1100 (0x44c) 'Permission denied', port = 0x853f, name = 'com.apple.tsm.portname'
See /usr/include/servers/bootstrap_defs.h for the error codes.
1529334988973	Marionette	INFO	Listening on port 55347
1529334989016	Marionette	WARN	TLS certificate errors will be ignored for this session
2018-06-18 20:46:29.338 plugin-container[3413:498327] *** CFMessagePort: bootstrap_register(): failed 1100 (0x44c) 'Permission denied', port = 0x713f, name = 'com.apple.tsm.portname'
See /usr/include/servers/bootstrap_defs.h for the error codes.
JavaScript warning: https://ajax.googleapis.com/ajax/libs/jquery/1.9.1/jquery.min.js, line 1: Using //@ to indicate sourceMappingURL pragmas is deprecated. Use //# instead
*** UTM:SVC TimerManager:registerTimer called after profile-before-change notification. Ignoring timer registration for id: telemetry_modules_ping
1529335007706	geckodriver::marionette	ERROR	Failed to stop browser process
1529344686873	geckodriver	INFO	geckodriver 0.20.0
1529344686886	geckodriver	INFO	Listening on 127.0.0.1:55681
1529344687884	mozrunner::runner	INFO	Running command: "/Applications/Firefox.app/Contents/MacOS/firefox-bin" "-marionette" "-headless" "-profile" "/var/folders/vn/m8610gxn6sv35q19c41bwtlw0000gp/T/rust_mozprofile.RDtnRH2li09Y"
*** You are running in headless mode.
1529344707452	geckodriver	INFO	geckodriver 0.20.0
1529344707457	geckodriver	INFO	Listening on 127.0.0.1:55719
1529344708469	mozrunner::runner	INFO	Running command: "/Applications/Firefox.app/Contents/MacOS/firefox-bin" "-marionette" "-headless" "-profile" "/var/folders/vn/m8610gxn6sv35q19c41bwtlw0000gp/T/rust_mozprofile.znAWJ5qBeYVV"
*** You are running in headless mode.
2018-06-18 23:28:30.001 plugin-container[3755:550897] *** CFMessagePort: bootstrap_register(): failed 1100 (0x44c) 'Permission denied', port = 0x8b43, name = 'com.apple.tsm.portname'
See /usr/include/servers/bootstrap_defs.h for the error codes.
2018-06-18 23:28:30.422 plugin-container[3756:550949] *** CFMessagePort: bootstrap_register(): failed 1100 (0x44c) 'Permission denied', port = 0x7703, name = 'com.apple.tsm.portname'
See /usr/include/servers/bootstrap_defs.h for the error codes.
1529344711868	Marionette	INFO	Listening on port 55726
1529344711945	Marionette	WARN	TLS certificate errors will be ignored for this session
2018-06-18 23:28:32.156 plugin-container[3761:551158] *** CFMessagePort: bootstrap_register(): failed 1100 (0x44c) 'Permission denied', port = 0x893f, name = 'com.apple.tsm.portname'
See /usr/include/servers/bootstrap_defs.h for the error codes.
JavaScript warning: https://ajax.googleapis.com/ajax/libs/jquery/1.9.1/jquery.min.js, line 1: Using //@ to indicate sourceMappingURL pragmas is deprecated. Use //# instead
*** UTM:SVC TimerManager:registerTimer called after profile-before-change notification. Ignoring timer registration for id: telemetry_modules_ping
1529344734121	geckodriver::marionette	ERROR	Failed to stop browser process
1529369281625	geckodriver	INFO	geckodriver 0.20.0
1529369281634	geckodriver	INFO	Listening on 127.0.0.1:56756
1529369282639	mozrunner::runner	INFO	Running command: "/Applications/Firefox.app/Contents/MacOS/firefox-bin" "-marionette" "-headless" "-profile" "/var/folders/vn/m8610gxn6sv35q19c41bwtlw0000gp/T/rust_mozprofile.BzNHzOjuNBPi"
*** You are running in headless mode.
2018-06-19 06:18:04.162 plugin-container[4280:685495] *** CFMessagePort: bootstrap_register(): failed 1100 (0x44c) 'Permission denied', port = 0x7543, name = 'com.apple.tsm.portname'
See /usr/include/servers/bootstrap_defs.h for the error codes.
2018-06-19 06:18:04.454 plugin-container[4281:685524] *** CFMessagePort: bootstrap_register(): failed 1100 (0x44c) 'Permission denied', port = 0x803b, name = 'com.apple.tsm.portname'
See /usr/include/servers/bootstrap_defs.h for the error codes.
1529369284766	Marionette	INFO	Listening on port 56763
1529369284809	Marionette	WARN	TLS certificate errors will be ignored for this session
2018-06-19 06:18:05.139 plugin-container[4282:685635] *** CFMessagePort: bootstrap_register(): failed 1100 (0x44c) 'Permission denied', port = 0x873f, name = 'com.apple.tsm.portname'
See /usr/include/servers/bootstrap_defs.h for the error codes.
JavaScript warning: https://ajax.googleapis.com/ajax/libs/jquery/1.9.1/jquery.min.js, line 1: Using //@ to indicate sourceMappingURL pragmas is deprecated. Use //# instead
*** UTM:SVC TimerManager:registerTimer called after profile-before-change notification. Ignoring timer registration for id: telemetry_modules_ping
1529369304109	geckodriver::marionette	ERROR	Failed to stop browser process
1529369304145	geckodriver	INFO	geckodriver 0.20.0
1529369304151	geckodriver	INFO	Listening on 127.0.0.1:56849
1529369305166	mozrunner::runner	INFO	Running command: "/Applications/Firefox.app/Contents/MacOS/firefox-bin" "-marionette" "-headless" "-profile" "/var/folders/vn/m8610gxn6sv35q19c41bwtlw0000gp/T/rust_mozprofile.rqgADk0dTFuC"
*** You are running in headless mode.
2018-06-19 06:18:26.533 plugin-container[4288:686212] *** CFMessagePort: bootstrap_register(): failed 1100 (0x44c) 'Permission denied', port = 0x7943, name = 'com.apple.tsm.portname'
See /usr/include/servers/bootstrap_defs.h for the error codes.
2018-06-19 06:18:26.745 plugin-container[4289:686239] *** CFMessagePort: bootstrap_register(): failed 1100 (0x44c) 'Permission denied', port = 0x8c03, name = 'com.apple.tsm.portname'
See /usr/include/servers/bootstrap_defs.h for the error codes.
1529369307019	Marionette	INFO	Listening on port 56856
1529369307133	Marionette	WARN	TLS certificate errors will be ignored for this session
2018-06-19 06:18:27.388 plugin-container[4290:686338] *** CFMessagePort: bootstrap_register(): failed 1100 (0x44c) 'Permission denied', port = 0x863f, name = 'com.apple.tsm.portname'
See /usr/include/servers/bootstrap_defs.h for the error codes.
JavaScript warning: https://ajax.googleapis.com/ajax/libs/jquery/1.9.1/jquery.min.js, line 1: Using //@ to indicate sourceMappingURL pragmas is deprecated. Use //# instead
*** UTM:SVC TimerManager:registerTimer called after profile-before-change notification. Ignoring timer registration for id: telemetry_modules_ping
1529369325943	geckodriver::marionette	ERROR	Failed to stop browser process
1529380571765	geckodriver	INFO	geckodriver 0.20.0
1529380571775	geckodriver	INFO	Listening on 127.0.0.1:57740
1529380572778	mozrunner::runner	INFO	Running command: "/Applications/Firefox.app/Contents/MacOS/firefox-bin" "-marionette" "-headless" "-profile" "/var/folders/vn/m8610gxn6sv35q19c41bwtlw0000gp/T/rust_mozprofile.FRkTriqGYlTf"
*** You are running in headless mode.
2018-06-19 09:26:14.450 plugin-container[4474:735592] *** CFMessagePort: bootstrap_register(): failed 1100 (0x44c) 'Permission denied', port = 0x7e03, name = 'com.apple.tsm.portname'
See /usr/include/servers/bootstrap_defs.h for the error codes.
2018-06-19 09:26:14.710 plugin-container[4475:735617] *** CFMessagePort: bootstrap_register(): failed 1100 (0x44c) 'Permission denied', port = 0x823f, name = 'com.apple.tsm.portname'
See /usr/include/servers/bootstrap_defs.h for the error codes.
1529380575110	Marionette	INFO	Listening on port 57747
1529380575216	Marionette	WARN	TLS certificate errors will be ignored for this session
2018-06-19 09:26:15.495 plugin-container[4476:735738] *** CFMessagePort: bootstrap_register(): failed 1100 (0x44c) 'Permission denied', port = 0x8a3f, name = 'com.apple.tsm.portname'
See /usr/include/servers/bootstrap_defs.h for the error codes.
JavaScript warning: https://ajax.googleapis.com/ajax/libs/jquery/1.9.1/jquery.min.js, line 1: Using //@ to indicate sourceMappingURL pragmas is deprecated. Use //# instead
*** UTM:SVC TimerManager:registerTimer called after profile-before-change notification. Ignoring timer registration for id: telemetry_modules_ping
1529380594024	geckodriver::marionette	ERROR	Failed to stop browser process
1529408681070	geckodriver	INFO	geckodriver 0.20.0
1529408681081	geckodriver	INFO	Listening on 127.0.0.1:49649
1529408682089	mozrunner::runner	INFO	Running command: "/Applications/Firefox.app/Contents/MacOS/firefox-bin" "-marionette" "-headless" "-profile" "/var/folders/vn/m8610gxn6sv35q19c41bwtlw0000gp/T/rust_mozprofile.mgYlwosoS7xt"
*** You are running in headless mode.
2018-06-19 17:14:43.707 plugin-container[1026:19941] *** CFMessagePort: bootstrap_register(): failed 1100 (0x44c) 'Permission denied', port = 0x8a43, name = 'com.apple.tsm.portname'
See /usr/include/servers/bootstrap_defs.h for the error codes.
2018-06-19 17:14:44.010 plugin-container[1027:19972] *** CFMessagePort: bootstrap_register(): failed 1100 (0x44c) 'Permission denied', port = 0x8e3f, name = 'com.apple.tsm.portname'
See /usr/include/servers/bootstrap_defs.h for the error codes.
1529408684390	Marionette	INFO	Listening on port 49660
1529408684531	Marionette	WARN	TLS certificate errors will be ignored for this session
2018-06-19 17:14:44.847 plugin-container[1028:20092] *** CFMessagePort: bootstrap_register(): failed 1100 (0x44c) 'Permission denied', port = 0x8b03, name = 'com.apple.tsm.portname'
See /usr/include/servers/bootstrap_defs.h for the error codes.
JavaScript warning: https://ajax.googleapis.com/ajax/libs/jquery/1.9.1/jquery.min.js, line 1: Using //@ to indicate sourceMappingURL pragmas is deprecated. Use //# instead
*** UTM:SVC TimerManager:registerTimer called after profile-before-change notification. Ignoring timer registration for id: telemetry_modules_ping
1529408712512	geckodriver::marionette	ERROR	Failed to stop browser process
1529408769838	geckodriver	INFO	geckodriver 0.20.0
1529408769844	geckodriver	INFO	Listening on 127.0.0.1:49754
1529408770855	mozrunner::runner	INFO	Running command: "/Applications/Firefox.app/Contents/MacOS/firefox-bin" "-marionette" "-headless" "-profile" "/var/folders/vn/m8610gxn6sv35q19c41bwtlw0000gp/T/rust_mozprofile.JOcGvtbg7NF8"
*** You are running in headless mode.
2018-06-19 17:16:12.326 plugin-container[1047:21088] *** CFMessagePort: bootstrap_register(): failed 1100 (0x44c) 'Permission denied', port = 0x873f, name = 'com.apple.tsm.portname'
See /usr/include/servers/bootstrap_defs.h for the error codes.
2018-06-19 17:16:12.543 plugin-container[1048:21111] *** CFMessagePort: bootstrap_register(): failed 1100 (0x44c) 'Permission denied', port = 0x763f, name = 'com.apple.tsm.portname'
See /usr/include/servers/bootstrap_defs.h for the error codes.
1529408772691	Marionette	INFO	Listening on port 49761
1529408772742	Marionette	WARN	TLS certificate errors will be ignored for this session
2018-06-19 17:16:13.179 plugin-container[1049:21212] *** CFMessagePort: bootstrap_register(): failed 1100 (0x44c) 'Permission denied', port = 0x763f, name = 'com.apple.tsm.portname'
See /usr/include/servers/bootstrap_defs.h for the error codes.
1529408787935	geckodriver	INFO	geckodriver 0.20.0
1529408787940	geckodriver	INFO	Listening on 127.0.0.1:49814
1529408788959	mozrunner::runner	INFO	Running command: "/Applications/Firefox.app/Contents/MacOS/firefox-bin" "-marionette" "-headless" "-profile" "/var/folders/vn/m8610gxn6sv35q19c41bwtlw0000gp/T/rust_mozprofile.te4eAki9TPoE"
*** You are running in headless mode.
2018-06-19 17:16:30.270 plugin-container[1074:21595] *** CFMessagePort: bootstrap_register(): failed 1100 (0x44c) 'Permission denied', port = 0x750b, name = 'com.apple.tsm.portname'
See /usr/include/servers/bootstrap_defs.h for the error codes.
2018-06-19 17:16:30.569 plugin-container[1075:21621] *** CFMessagePort: bootstrap_register(): failed 1100 (0x44c) 'Permission denied', port = 0x8a3f, name = 'com.apple.tsm.portname'
See /usr/include/servers/bootstrap_defs.h for the error codes.
1529408790888	Marionette	INFO	Listening on port 49821
1529408790956	Marionette	WARN	TLS certificate errors will be ignored for this session
2018-06-19 17:16:31.514 plugin-container[1076:21732] *** CFMessagePort: bootstrap_register(): failed 1100 (0x44c) 'Permission denied', port = 0x733f, name = 'com.apple.tsm.portname'
See /usr/include/servers/bootstrap_defs.h for the error codes.
JavaScript warning: https://ajax.googleapis.com/ajax/libs/jquery/1.9.1/jquery.min.js, line 1: Using //@ to indicate sourceMappingURL pragmas is deprecated. Use //# instead
*** UTM:SVC TimerManager:registerTimer called after profile-before-change notification. Ignoring timer registration for id: telemetry_modules_ping
1529408810216	geckodriver::marionette	ERROR	Failed to stop browser process
1529411184330	geckodriver	INFO	geckodriver 0.20.0
1529411184340	geckodriver	INFO	Listening on 127.0.0.1:50071
1529411185343	mozrunner::runner	INFO	Running command: "/Applications/Firefox.app/Contents/MacOS/firefox-bin" "-marionette" "-headless" "-profile" "/var/folders/vn/m8610gxn6sv35q19c41bwtlw0000gp/T/rust_mozprofile.AhcBnXKx6R98"
*** You are running in headless mode.
2018-06-19 17:56:27.050 plugin-container[1151:43484] *** CFMessagePort: bootstrap_register(): failed 1100 (0x44c) 'Permission denied', port = 0x8d43, name = 'com.apple.tsm.portname'
See /usr/include/servers/bootstrap_defs.h for the error codes.
2018-06-19 17:56:27.328 plugin-container[1152:43515] *** CFMessagePort: bootstrap_register(): failed 1100 (0x44c) 'Permission denied', port = 0x7707, name = 'com.apple.tsm.portname'
See /usr/include/servers/bootstrap_defs.h for the error codes.
1529411187678	Marionette	INFO	Listening on port 50078
1529411187721	Marionette	WARN	TLS certificate errors will be ignored for this session
2018-06-19 17:56:28.065 plugin-container[1153:43608] *** CFMessagePort: bootstrap_register(): failed 1100 (0x44c) 'Permission denied', port = 0x8c3f, name = 'com.apple.tsm.portname'
See /usr/include/servers/bootstrap_defs.h for the error codes.
JavaScript warning: https://ajax.googleapis.com/ajax/libs/jquery/1.9.1/jquery.min.js, line 1: Using //@ to indicate sourceMappingURL pragmas is deprecated. Use //# instead
*** UTM:SVC TimerManager:registerTimer called after profile-before-change notification. Ignoring timer registration for id: telemetry_modules_ping
1529411208862	geckodriver::marionette	ERROR	Failed to stop browser process
1529427816124	geckodriver	INFO	geckodriver 0.20.0
1529427816134	geckodriver	INFO	Listening on 127.0.0.1:52101
1529427817140	mozrunner::runner	INFO	Running command: "/Applications/Firefox.app/Contents/MacOS/firefox-bin" "-marionette" "-headless" "-profile" "/var/folders/vn/m8610gxn6sv35q19c41bwtlw0000gp/T/rust_mozprofile.w029RfXUmgiT"
*** You are running in headless mode.
2018-06-19 22:33:38.969 plugin-container[1999:248932] *** CFMessagePort: bootstrap_register(): failed 1100 (0x44c) 'Permission denied', port = 0x8843, name = 'com.apple.tsm.portname'
See /usr/include/servers/bootstrap_defs.h for the error codes.
2018-06-19 22:33:39.372 plugin-container[2000:248969] *** CFMessagePort: bootstrap_register(): failed 1100 (0x44c) 'Permission denied', port = 0x7103, name = 'com.apple.tsm.portname'
See /usr/include/servers/bootstrap_defs.h for the error codes.
1529427820627	Marionette	INFO	Listening on port 52108
1529427820675	Marionette	WARN	TLS certificate errors will be ignored for this session
2018-06-19 22:33:40.854 plugin-container[2008:249258] *** CFMessagePort: bootstrap_register(): failed 1100 (0x44c) 'Permission denied', port = 0x8e43, name = 'com.apple.tsm.portname'
See /usr/include/servers/bootstrap_defs.h for the error codes.
JavaScript warning: https://ajax.googleapis.com/ajax/libs/jquery/1.9.1/jquery.min.js, line 1: Using //@ to indicate sourceMappingURL pragmas is deprecated. Use //# instead
*** UTM:SVC TimerManager:registerTimer called after profile-before-change notification. Ignoring timer registration for id: telemetry_modules_ping
1529427839252	geckodriver::marionette	ERROR	Failed to stop browser process
1529435998081	geckodriver	INFO	geckodriver 0.20.0
1529435998092	geckodriver	INFO	Listening on 127.0.0.1:52430
1529435999097	mozrunner::runner	INFO	Running command: "/Applications/Firefox.app/Contents/MacOS/firefox-bin" "-marionette" "-headless" "-profile" "/var/folders/vn/m8610gxn6sv35q19c41bwtlw0000gp/T/rust_mozprofile.sox543aHI9FG"
*** You are running in headless mode.
2018-06-20 00:50:01.118 plugin-container[2277:312367] *** CFMessagePort: bootstrap_register(): failed 1100 (0x44c) 'Permission denied', port = 0x8d43, name = 'com.apple.tsm.portname'
See /usr/include/servers/bootstrap_defs.h for the error codes.
2018-06-20 00:50:01.465 plugin-container[2278:312402] *** CFMessagePort: bootstrap_register(): failed 1100 (0x44c) 'Permission denied', port = 0x7643, name = 'com.apple.tsm.portname'
See /usr/include/servers/bootstrap_defs.h for the error codes.
1529436001976	Marionette	INFO	Listening on port 52437
1529436002035	Marionette	WARN	TLS certificate errors will be ignored for this session
2018-06-20 00:50:02.155 plugin-container[2279:312490] *** CFMessagePort: bootstrap_register(): failed 1100 (0x44c) 'Permission denied', port = 0x8e03, name = 'com.apple.tsm.portname'
See /usr/include/servers/bootstrap_defs.h for the error codes.
1529436495274	geckodriver	INFO	geckodriver 0.20.0
1529436495280	geckodriver	INFO	Listening on 127.0.0.1:52540
1529436496300	mozrunner::runner	INFO	Running command: "/Applications/Firefox.app/Contents/MacOS/firefox-bin" "-marionette" "-headless" "-profile" "/var/folders/vn/m8610gxn6sv35q19c41bwtlw0000gp/T/rust_mozprofile.NYlACqGEFxF7"
*** You are running in headless mode.
2018-06-20 00:58:17.622 plugin-container[2306:317764] *** CFMessagePort: bootstrap_register(): failed 1100 (0x44c) 'Permission denied', port = 0x7437, name = 'com.apple.tsm.portname'
See /usr/include/servers/bootstrap_defs.h for the error codes.
2018-06-20 00:58:17.920 plugin-container[2307:317789] *** CFMessagePort: bootstrap_register(): failed 1100 (0x44c) 'Permission denied', port = 0x8733, name = 'com.apple.tsm.portname'
See /usr/include/servers/bootstrap_defs.h for the error codes.
1529436498252	Marionette	INFO	Listening on port 52547
1529436498295	Marionette	WARN	TLS certificate errors will be ignored for this session
2018-06-20 00:58:18.682 plugin-container[2308:317895] *** CFMessagePort: bootstrap_register(): failed 1100 (0x44c) 'Permission denied', port = 0x7e3f, name = 'com.apple.tsm.portname'
See /usr/include/servers/bootstrap_defs.h for the error codes.
1529436936004	geckodriver	INFO	geckodriver 0.20.0
1529436936014	geckodriver	INFO	Listening on 127.0.0.1:52639
1529436937033	mozrunner::runner	INFO	Running command: "/Applications/Firefox.app/Contents/MacOS/firefox-bin" "-marionette" "-headless" "-profile" "/var/folders/vn/m8610gxn6sv35q19c41bwtlw0000gp/T/rust_mozprofile.qLIXjbc1zPQ6"
*** You are running in headless mode.
2018-06-20 01:05:38.862 plugin-container[2337:324981] *** CFMessagePort: bootstrap_register(): failed 1100 (0x44c) 'Permission denied', port = 0x8f3f, name = 'com.apple.tsm.portname'
See /usr/include/servers/bootstrap_defs.h for the error codes.
2018-06-20 01:05:39.241 plugin-container[2338:325008] *** CFMessagePort: bootstrap_register(): failed 1100 (0x44c) 'Permission denied', port = 0x8937, name = 'com.apple.tsm.portname'
See /usr/include/servers/bootstrap_defs.h for the error codes.
1529436939682	Marionette	INFO	Listening on port 52646
1529436939782	Marionette	WARN	TLS certificate errors will be ignored for this session
2018-06-20 01:05:40.171 plugin-container[2339:325097] *** CFMessagePort: bootstrap_register(): failed 1100 (0x44c) 'Permission denied', port = 0x8d3f, name = 'com.apple.tsm.portname'
See /usr/include/servers/bootstrap_defs.h for the error codes.
